<?xml version="1.0" encoding="UTF-8"?>
<!-- Generated by org.testng.reporters.JUnitReportReporter -->
<testsuite hostname="ATMECSINLT-044" failures="0" tests="1" name="com.atmecs.NinjaStore.testscripts.HeatClinicMerchandise" time="19.347" errors="0" timestamp="08 Nov 2019 15:35:40 GMT" skipped="0">
  <testcase classname="com.atmecs.NinjaStore.testscripts.HeatClinicMerchandise" name="testcase1" time="19.347"/>
</testsuite> <!-- com.atmecs.NinjaStore.testscripts.HeatClinicMerchandise -->
